/home/jiangazh/.local/lib/python3.6/site-packages/tensorflow/python/framework/dtypes.py:516: FutureWarning: Passing (type, 1) or '1type' as a synonym of type is deprecated; in a future version of numpy, it will be understood as (type, (1,)) / '(1,)type'.
  _np_qint8 = np.dtype([("qint8", np.int8, 1)])
/home/jiangazh/.local/lib/python3.6/site-packages/tensorflow/python/framework/dtypes.py:517: FutureWarning: Passing (type, 1) or '1type' as a synonym of type is deprecated; in a future version of numpy, it will be understood as (type, (1,)) / '(1,)type'.
  _np_quint8 = np.dtype([("quint8", np.uint8, 1)])
/home/jiangazh/.local/lib/python3.6/site-packages/tensorflow/python/framework/dtypes.py:518: FutureWarning: Passing (type, 1) or '1type' as a synonym of type is deprecated; in a future version of numpy, it will be understood as (type, (1,)) / '(1,)type'.
  _np_qint16 = np.dtype([("qint16", np.int16, 1)])
/home/jiangazh/.local/lib/python3.6/site-packages/tensorflow/python/framework/dtypes.py:519: FutureWarning: Passing (type, 1) or '1type' as a synonym of type is deprecated; in a future version of numpy, it will be understood as (type, (1,)) / '(1,)type'.
  _np_quint16 = np.dtype([("quint16", np.uint16, 1)])
/home/jiangazh/.local/lib/python3.6/site-packages/tensorflow/python/framework/dtypes.py:520: FutureWarning: Passing (type, 1) or '1type' as a synonym of type is deprecated; in a future version of numpy, it will be understood as (type, (1,)) / '(1,)type'.
  _np_qint32 = np.dtype([("qint32", np.int32, 1)])
/home/jiangazh/.local/lib/python3.6/site-packages/tensorflow/python/framework/dtypes.py:525: FutureWarning: Passing (type, 1) or '1type' as a synonym of type is deprecated; in a future version of numpy, it will be understood as (type, (1,)) / '(1,)type'.
  np_resource = np.dtype([("resource", np.ubyte, 1)])
/home/jiangazh/.local/lib/python3.6/site-packages/tensorboard/compat/tensorflow_stub/dtypes.py:541: FutureWarning: Passing (type, 1) or '1type' as a synonym of type is deprecated; in a future version of numpy, it will be understood as (type, (1,)) / '(1,)type'.
  _np_qint8 = np.dtype([("qint8", np.int8, 1)])
/home/jiangazh/.local/lib/python3.6/site-packages/tensorboard/compat/tensorflow_stub/dtypes.py:542: FutureWarning: Passing (type, 1) or '1type' as a synonym of type is deprecated; in a future version of numpy, it will be understood as (type, (1,)) / '(1,)type'.
  _np_quint8 = np.dtype([("quint8", np.uint8, 1)])
/home/jiangazh/.local/lib/python3.6/site-packages/tensorboard/compat/tensorflow_stub/dtypes.py:543: FutureWarning: Passing (type, 1) or '1type' as a synonym of type is deprecated; in a future version of numpy, it will be understood as (type, (1,)) / '(1,)type'.
  _np_qint16 = np.dtype([("qint16", np.int16, 1)])
/home/jiangazh/.local/lib/python3.6/site-packages/tensorboard/compat/tensorflow_stub/dtypes.py:544: FutureWarning: Passing (type, 1) or '1type' as a synonym of type is deprecated; in a future version of numpy, it will be understood as (type, (1,)) / '(1,)type'.
  _np_quint16 = np.dtype([("quint16", np.uint16, 1)])
/home/jiangazh/.local/lib/python3.6/site-packages/tensorboard/compat/tensorflow_stub/dtypes.py:545: FutureWarning: Passing (type, 1) or '1type' as a synonym of type is deprecated; in a future version of numpy, it will be understood as (type, (1,)) / '(1,)type'.
  _np_qint32 = np.dtype([("qint32", np.int32, 1)])
/home/jiangazh/.local/lib/python3.6/site-packages/tensorboard/compat/tensorflow_stub/dtypes.py:550: FutureWarning: Passing (type, 1) or '1type' as a synonym of type is deprecated; in a future version of numpy, it will be understood as (type, (1,)) / '(1,)type'.
  np_resource = np.dtype([("resource", np.ubyte, 1)])
WARNING: Logging before flag parsing goes to stderr.
W0806 09:52:58.894112 140347059779392 deprecation_wrapper.py:119] From run_summarization.py:352: The name tf.app.run is deprecated. Please use tf.compat.v1.app.run instead.

W0806 09:52:58.894492 140347059779392 deprecation_wrapper.py:119] From run_summarization.py:295: The name tf.logging.set_verbosity is deprecated. Please use tf.compat.v1.logging.set_verbosity instead.

W0806 09:52:58.894575 140347059779392 deprecation_wrapper.py:119] From run_summarization.py:295: The name tf.logging.INFO is deprecated. Please use tf.compat.v1.logging.INFO instead.

W0806 09:52:58.894697 140347059779392 deprecation_wrapper.py:119] From run_summarization.py:296: The name tf.logging.info is deprecated. Please use tf.compat.v1.logging.info instead.

I0806 09:52:58.894741 140347059779392 run_summarization.py:296] Starting seq2seq_attention in train mode...
Finished constructing vocabulary of 587 total words. Last word added: materials
Traceback (most recent call last):
  File "run_summarization.py", line 352, in <module>
    tf.app.run()
  File "/home/jiangazh/.local/lib/python3.6/site-packages/tensorflow/python/platform/app.py", line 40, in run
    _run(main=main, argv=argv, flags_parser=_parse_flags_tolerate_undef)
  File "/home/jiangazh/.local/lib/python3.6/site-packages/absl/app.py", line 300, in run
    _run_main(main, args)
  File "/home/jiangazh/.local/lib/python3.6/site-packages/absl/app.py", line 251, in _run_main
    sys.exit(main(argv))
  File "run_summarization.py", line 327, in main
    batcher = Batcher(FLAGS.data_path, vocab, hps, single_pass=FLAGS.single_pass)
  File "/home/jiangazh/new/TranscriptLU_v2/pointer_network/src/batcher.py", line 267, in __init__
    self._example_q_threads[-1].start()
  File "/usr/lib/python3.6/threading.py", line 851, in start
    self._started.wait()
  File "/usr/lib/python3.6/threading.py", line 551, in wait
    signaled = self._cond.wait(timeout)
  File "/usr/lib/python3.6/threading.py", line 295, in wait
    waiter.acquire()
KeyboardInterrupt
Traceback (most recent call last):
  File "make_datafiles.py", line 271, in <module>
    True)
  File "make_datafiles.py", line 253, in write_qa_to_bin
    ans_tokens = [t for t in answer_tokens if t not in [SENTENCE_START, SENTENCE_END]]
  File "make_datafiles.py", line 253, in <listcomp>
    ans_tokens = [t for t in answer_tokens if t not in [SENTENCE_START, SENTENCE_END]]
KeyboardInterrupt
